{"/Users/isidor/Dabapps/ts-results/src/index.ts": {"path":"/Users/isidor/Dabapps/ts-results/src/index.ts","statementMap":{"0":{"start":{"line":2,"column":0},"end":{"line":2,"column":13}},"1":{"start":{"line":86,"column":4},"end":{"line":86,"column":12}},"2":{"start":{"line":87,"column":4},"end":{"line":87,"column":23}},"3":{"start":{"line":91,"column":4},"end":{"line":91,"column":17}},"4":{"start":{"line":95,"column":4},"end":{"line":95,"column":16}},"5":{"start":{"line":99,"column":4},"end":{"line":99,"column":54}},"6":{"start":{"line":103,"column":4},"end":{"line":103,"column":70}},"7":{"start":{"line":107,"column":4},"end":{"line":107,"column":45}},"8":{"start":{"line":111,"column":4},"end":{"line":111,"column":45}},"9":{"start":{"line":115,"column":4},"end":{"line":115,"column":15}},"10":{"start":{"line":119,"column":4},"end":{"line":119,"column":26}},"11":{"start":{"line":123,"column":4},"end":{"line":123,"column":16}},"12":{"start":{"line":127,"column":4},"end":{"line":127,"column":26}},"13":{"start":{"line":131,"column":4},"end":{"line":131,"column":43}},"14":{"start":{"line":135,"column":4},"end":{"line":135,"column":22}},"15":{"start":{"line":139,"column":4},"end":{"line":139,"column":22}},"16":{"start":{"line":143,"column":4},"end":{"line":143,"column":38}},"17":{"start":{"line":82,"column":0},"end":{"line":82,"column":13}},"18":{"start":{"line":151,"column":4},"end":{"line":151,"column":12}},"19":{"start":{"line":152,"column":4},"end":{"line":152,"column":23}},"20":{"start":{"line":156,"column":4},"end":{"line":156,"column":16}},"21":{"start":{"line":160,"column":4},"end":{"line":160,"column":17}},"22":{"start":{"line":164,"column":4},"end":{"line":164,"column":22}},"23":{"start":{"line":168,"column":4},"end":{"line":168,"column":45}},"24":{"start":{"line":172,"column":4},"end":{"line":172,"column":15}},"25":{"start":{"line":176,"column":4},"end":{"line":176,"column":26}},"26":{"start":{"line":180,"column":4},"end":{"line":180,"column":45}},"27":{"start":{"line":184,"column":4},"end":{"line":184,"column":45}},"28":{"start":{"line":188,"column":4},"end":{"line":188,"column":22}},"29":{"start":{"line":192,"column":4},"end":{"line":192,"column":22}},"30":{"start":{"line":196,"column":4},"end":{"line":196,"column":22}},"31":{"start":{"line":200,"column":4},"end":{"line":200,"column":43}},"32":{"start":{"line":204,"column":4},"end":{"line":204,"column":54}},"33":{"start":{"line":208,"column":4},"end":{"line":208,"column":39}},"34":{"start":{"line":147,"column":0},"end":{"line":147,"column":13}}},"fnMap":{"0":{"name":"(anonymous_0)","decl":{"start":{"line":85,"column":2},"end":{"line":85,"column":14}},"loc":{"start":{"line":85,"column":22},"end":{"line":88,"column":3}}},"1":{"name":"(anonymous_1)","decl":{"start":{"line":90,"column":9},"end":{"line":90,"column":13}},"loc":{"start":{"line":90,"column":13},"end":{"line":92,"column":3}}},"2":{"name":"(anonymous_2)","decl":{"start":{"line":94,"column":9},"end":{"line":94,"column":14}},"loc":{"start":{"line":94,"column":14},"end":{"line":96,"column":3}}},"3":{"name":"(anonymous_3)","decl":{"start":{"line":98,"column":9},"end":{"line":98,"column":15}},"loc":{"start":{"line":98,"column":31},"end":{"line":100,"column":3}}},"4":{"name":"(anonymous_4)","decl":{"start":{"line":102,"column":9},"end":{"line":102,"column":15}},"loc":{"start":{"line":102,"column":36},"end":{"line":104,"column":3}}},"5":{"name":"(anonymous_5)","decl":{"start":{"line":106,"column":9},"end":{"line":106,"column":12}},"loc":{"start":{"line":106,"column":33},"end":{"line":108,"column":3}}},"6":{"name":"(anonymous_6)","decl":{"start":{"line":110,"column":9},"end":{"line":110,"column":16}},"loc":{"start":{"line":110,"column":48},"end":{"line":112,"column":3}}},"7":{"name":"(anonymous_7)","decl":{"start":{"line":114,"column":9},"end":{"line":114,"column":11}},"loc":{"start":{"line":114,"column":32},"end":{"line":116,"column":3}}},"8":{"name":"(anonymous_8)","decl":{"start":{"line":118,"column":9},"end":{"line":118,"column":15}},"loc":{"start":{"line":118,"column":47},"end":{"line":120,"column":3}}},"9":{"name":"(anonymous_9)","decl":{"start":{"line":122,"column":9},"end":{"line":122,"column":17}},"loc":{"start":{"line":122,"column":25},"end":{"line":124,"column":3}}},"10":{"name":"(anonymous_10)","decl":{"start":{"line":126,"column":9},"end":{"line":126,"column":21}},"loc":{"start":{"line":126,"column":39},"end":{"line":128,"column":3}}},"11":{"name":"(anonymous_11)","decl":{"start":{"line":130,"column":9},"end":{"line":130,"column":15}},"loc":{"start":{"line":130,"column":15},"end":{"line":132,"column":3}}},"12":{"name":"(anonymous_12)","decl":{"start":{"line":134,"column":9},"end":{"line":134,"column":18}},"loc":{"start":{"line":134,"column":18},"end":{"line":136,"column":3}}},"13":{"name":"(anonymous_13)","decl":{"start":{"line":138,"column":9},"end":{"line":138,"column":18}},"loc":{"start":{"line":138,"column":18},"end":{"line":140,"column":3}}},"14":{"name":"(anonymous_14)","decl":{"start":{"line":142,"column":9},"end":{"line":142,"column":18}},"loc":{"start":{"line":142,"column":18},"end":{"line":144,"column":3}}},"15":{"name":"(anonymous_15)","decl":{"start":{"line":150,"column":2},"end":{"line":150,"column":14}},"loc":{"start":{"line":150,"column":22},"end":{"line":153,"column":3}}},"16":{"name":"(anonymous_16)","decl":{"start":{"line":155,"column":9},"end":{"line":155,"column":13}},"loc":{"start":{"line":155,"column":13},"end":{"line":157,"column":3}}},"17":{"name":"(anonymous_17)","decl":{"start":{"line":159,"column":9},"end":{"line":159,"column":14}},"loc":{"start":{"line":159,"column":14},"end":{"line":161,"column":3}}},"18":{"name":"(anonymous_18)","decl":{"start":{"line":163,"column":9},"end":{"line":163,"column":15}},"loc":{"start":{"line":163,"column":15},"end":{"line":165,"column":3}}},"19":{"name":"(anonymous_19)","decl":{"start":{"line":167,"column":9},"end":{"line":167,"column":15}},"loc":{"start":{"line":167,"column":36},"end":{"line":169,"column":3}}},"20":{"name":"(anonymous_20)","decl":{"start":{"line":171,"column":9},"end":{"line":171,"column":12}},"loc":{"start":{"line":171,"column":33},"end":{"line":173,"column":3}}},"21":{"name":"(anonymous_21)","decl":{"start":{"line":175,"column":9},"end":{"line":175,"column":16}},"loc":{"start":{"line":175,"column":48},"end":{"line":177,"column":3}}},"22":{"name":"(anonymous_22)","decl":{"start":{"line":179,"column":9},"end":{"line":179,"column":11}},"loc":{"start":{"line":179,"column":32},"end":{"line":181,"column":3}}},"23":{"name":"(anonymous_23)","decl":{"start":{"line":183,"column":9},"end":{"line":183,"column":15}},"loc":{"start":{"line":183,"column":49},"end":{"line":185,"column":3}}},"24":{"name":"(anonymous_24)","decl":{"start":{"line":187,"column":9},"end":{"line":187,"column":17}},"loc":{"start":{"line":187,"column":25},"end":{"line":189,"column":3}}},"25":{"name":"(anonymous_25)","decl":{"start":{"line":191,"column":9},"end":{"line":191,"column":21}},"loc":{"start":{"line":191,"column":39},"end":{"line":193,"column":3}}},"26":{"name":"(anonymous_26)","decl":{"start":{"line":195,"column":9},"end":{"line":195,"column":15}},"loc":{"start":{"line":195,"column":15},"end":{"line":197,"column":3}}},"27":{"name":"(anonymous_27)","decl":{"start":{"line":199,"column":9},"end":{"line":199,"column":18}},"loc":{"start":{"line":199,"column":18},"end":{"line":201,"column":3}}},"28":{"name":"(anonymous_28)","decl":{"start":{"line":203,"column":9},"end":{"line":203,"column":18}},"loc":{"start":{"line":203,"column":34},"end":{"line":205,"column":3}}},"29":{"name":"(anonymous_29)","decl":{"start":{"line":207,"column":9},"end":{"line":207,"column":18}},"loc":{"start":{"line":207,"column":18},"end":{"line":209,"column":3}}}},"branchMap":{},"s":{"0":1,"1":6,"2":6,"3":1,"4":1,"5":1,"6":1,"7":1,"8":1,"9":1,"10":1,"11":1,"12":1,"13":1,"14":1,"15":1,"16":1,"17":1,"18":6,"19":6,"20":2,"21":2,"22":1,"23":1,"24":1,"25":1,"26":1,"27":1,"28":1,"29":1,"30":1,"31":1,"32":1,"33":1,"34":1},"f":{"0":6,"1":1,"2":1,"3":1,"4":1,"5":1,"6":1,"7":1,"8":1,"9":1,"10":1,"11":1,"12":1,"13":1,"14":1,"15":6,"16":2,"17":2,"18":1,"19":1,"20":1,"21":1,"22":1,"23":1,"24":1,"25":1,"26":1,"27":1,"28":1,"29":1},"b":{}}
}
