TN:
SF:/Users/isidor/Dabapps/ts-results/src/index.ts
FN:85,(anonymous_0)
FN:90,(anonymous_1)
FN:94,(anonymous_2)
FN:98,(anonymous_3)
FN:102,(anonymous_4)
FN:106,(anonymous_5)
FN:110,(anonymous_6)
FN:114,(anonymous_7)
FN:118,(anonymous_8)
FN:122,(anonymous_9)
FN:126,(anonymous_10)
FN:130,(anonymous_11)
FN:134,(anonymous_12)
FN:138,(anonymous_13)
FN:142,(anonymous_14)
FN:150,(anonymous_15)
FN:155,(anonymous_16)
FN:159,(anonymous_17)
FN:163,(anonymous_18)
FN:167,(anonymous_19)
FN:171,(anonymous_20)
FN:175,(anonymous_21)
FN:179,(anonymous_22)
FN:183,(anonymous_23)
FN:187,(anonymous_24)
FN:191,(anonymous_25)
FN:195,(anonymous_26)
FN:199,(anonymous_27)
FN:203,(anonymous_28)
FN:207,(anonymous_29)
FNF:30
FNH:30
FNDA:6,(anonymous_0)
FNDA:1,(anonymous_1)
FNDA:1,(anonymous_2)
FNDA:1,(anonymous_3)
FNDA:1,(anonymous_4)
FNDA:1,(anonymous_5)
FNDA:1,(anonymous_6)
FNDA:1,(anonymous_7)
FNDA:1,(anonymous_8)
FNDA:1,(anonymous_9)
FNDA:1,(anonymous_10)
FNDA:1,(anonymous_11)
FNDA:1,(anonymous_12)
FNDA:1,(anonymous_13)
FNDA:1,(anonymous_14)
FNDA:6,(anonymous_15)
FNDA:2,(anonymous_16)
FNDA:2,(anonymous_17)
FNDA:1,(anonymous_18)
FNDA:1,(anonymous_19)
FNDA:1,(anonymous_20)
FNDA:1,(anonymous_21)
FNDA:1,(anonymous_22)
FNDA:1,(anonymous_23)
FNDA:1,(anonymous_24)
FNDA:1,(anonymous_25)
FNDA:1,(anonymous_26)
FNDA:1,(anonymous_27)
FNDA:1,(anonymous_28)
FNDA:1,(anonymous_29)
DA:2,1
DA:82,1
DA:86,6
DA:87,6
DA:91,1
DA:95,1
DA:99,1
DA:103,1
DA:107,1
DA:111,1
DA:115,1
DA:119,1
DA:123,1
DA:127,1
DA:131,1
DA:135,1
DA:139,1
DA:143,1
DA:147,1
DA:151,6
DA:152,6
DA:156,2
DA:160,2
DA:164,1
DA:168,1
DA:172,1
DA:176,1
DA:180,1
DA:184,1
DA:188,1
DA:192,1
DA:196,1
DA:200,1
DA:204,1
DA:208,1
LF:35
LH:35
BRF:0
BRH:0
end_of_record
